i = 0 hitRate = 0
i = 1000 hitRate = 0.193742
i = 2000 hitRate = 0.237099
i = 3000 hitRate = 0.264793
i = 4000 hitRate = 0.285582
i = 5000 hitRate = 0.302414
i = 6000 hitRate = 0.316625
i = 7000 hitRate = 0.328985
i = 8000 hitRate = 0.339963
i = 9000 hitRate = 0.349854
i = 10000 hitRate = 0.358871
i = 11000 hitRate = 0.367178
i = 12000 hitRate = 0.37488
i = 13000 hitRate = 0.382068
i = 14000 hitRate = 0.388818
i = 15000 hitRate = 0.395181
i = 16000 hitRate = 0.401205
i = 17000 hitRate = 0.406925
i = 18000 hitRate = 0.412379
i = 19000 hitRate = 0.417585
i = 20000 hitRate = 0.422577
i = 21000 hitRate = 0.427366
i = 22000 hitRate = 0.43197
i = 23000 hitRate = 0.436409
i = 24000 hitRate = 0.440692
i = 25000 hitRate = 0.444836
i = 26000 hitRate = 0.448842
i = 27000 hitRate = 0.452726
i = 28000 hitRate = 0.456495
i = 29000 hitRate = 0.460153
i = 30000 hitRate = 0.463713
i = 31000 hitRate = 0.467178
i = 32000 hitRate = 0.470553
i = 33000 hitRate = 0.473842
i = 34000 hitRate = 0.477053
i = 35000 hitRate = 0.480187
i = 36000 hitRate = 0.48325
i = 37000 hitRate = 0.486244
i = 38000 hitRate = 0.489175
i = 39000 hitRate = 0.492044
i = 40000 hitRate = 0.494852
i = 41000 hitRate = 0.497607
i = 42000 hitRate = 0.500304
i = 43000 hitRate = 0.502953
i = 44000 hitRate = 0.505552
i = 45000 hitRate = 0.508103
i = 46000 hitRate = 0.51061
i = 47000 hitRate = 0.513072
i = 48000 hitRate = 0.515493
i = 49000 hitRate = 0.517874
i = 50000 hitRate = 0.520217
i = 51000 hitRate = 0.522521
i = 52000 hitRate = 0.52479
i = 53000 hitRate = 0.527024
i = 54000 hitRate = 0.529223
i = 55000 hitRate = 0.531392
i = 56000 hitRate = 0.533528
i = 57000 hitRate = 0.535633
i = 58000 hitRate = 0.537711
i = 59000 hitRate = 0.539757
i = 60000 hitRate = 0.541778
i = 61000 hitRate = 0.543772
i = 62000 hitRate = 0.545739
i = 63000 hitRate = 0.547682
i = 64000 hitRate = 0.549599
i = 65000 hitRate = 0.551494
i = 66000 hitRate = 0.553365
i = 67000 hitRate = 0.555212
i = 68000 hitRate = 0.557039
i = 69000 hitRate = 0.558844
i = 70000 hitRate = 0.560629
i = 71000 hitRate = 0.562393
i = 72000 hitRate = 0.564137
i = 73000 hitRate = 0.565863
i = 74000 hitRate = 0.567569
i = 75000 hitRate = 0.569258
i = 76000 hitRate = 0.570927
i = 77000 hitRate = 0.57258
i = 78000 hitRate = 0.574215
i = 79000 hitRate = 0.575836
i = 80000 hitRate = 0.577438
i = 81000 hitRate = 0.579025
i = 82000 hitRate = 0.580597
i = 83000 hitRate = 0.582154
i = 84000 hitRate = 0.583695
i = 85000 hitRate = 0.585223
i = 86000 hitRate = 0.586736
i = 87000 hitRate = 0.588234
i = 88000 hitRate = 0.58972
i = 89000 hitRate = 0.591191
i = 90000 hitRate = 0.592651
i = 91000 hitRate = 0.594096
i = 92000 hitRate = 0.59553
i = 93000 hitRate = 0.596951
i = 94000 hitRate = 0.598361
i = 95000 hitRate = 0.599758
i = 96000 hitRate = 0.601144
i = 97000 hitRate = 0.602519
i = 98000 hitRate = 0.603881
i = 99000 hitRate = 0.605234
i = 100000 hitRate = 0.606575



alpha4Storage = 1 alpha4Transport = 0.4

cache size:
 [0, 0, 0, 0, 0, 0, 0, 0, 0, 0, 0, 0, 0, 0]
storage cost = 0
transport cost = 1721.05
total cost = 1721.05

cache size:
 [1000, 1000, 1000, 1000, 1000, 1000, 1000, 1000, 1000, 1000, 1000, 1000, 1000, 1000]
storage cost = 7
transport cost = 1457.63
total cost = 1464.63

cache size:
 [15979, 15979, 18973, 18973, 18973, 18973, 19415, 19415, 19415, 19415, 19415, 19415, 19415, 19415]
storage cost = 131.585
transport cost = 1160.81
total cost = 1292.4


alpha4Storage = 1 alpha4Transport = 0.5

cache size:
 [0, 0, 0, 0, 0, 0, 0, 0, 0, 0, 0, 0, 0, 0]
storage cost = 0
transport cost = 5542.56
total cost = 5542.56

cache size:
 [1000, 1000, 1000, 1000, 1000, 1000, 1000, 1000, 1000, 1000, 1000, 1000, 1000, 1000]
storage cost = 7
transport cost = 4503.28
total cost = 4510.28

cache size:
 [56006, 56006, 86868, 86868, 86868, 86868, 99999, 99999, 99999, 99999, 99999, 99999, 99999, 99999]
storage cost = 629.738
transport cost = 2542.15
total cost = 3171.88


alpha4Storage = 1 alpha4Transport = 0.6

cache size:
 [0, 0, 0, 0, 0, 0, 0, 0, 0, 0, 0, 0, 0, 0]
storage cost = 0
transport cost = 17849.6
total cost = 17849.6

cache size:
 [1000, 1000, 1000, 1000, 1000, 1000, 1000, 1000, 1000, 1000, 1000, 1000, 1000, 1000]
storage cost = 7
transport cost = 13912.7
total cost = 13919.7

cache size:
 [99999, 99999, 99999, 99999, 99999, 99999, 99999, 99999, 99999, 99999, 99999, 99999, 99999, 99999]
storage cost = 699.993
transport cost = 6857.59
total cost = 7557.58


alpha4Storage = 1 alpha4Transport = 0.7

cache size:
 [0, 0, 0, 0, 0, 0, 0, 0, 0, 0, 0, 0, 0, 0]
storage cost = 0
transport cost = 57484
total cost = 57484

cache size:
 [1000, 1000, 1000, 1000, 1000, 1000, 1000, 1000, 1000, 1000, 1000, 1000, 1000, 1000]
storage cost = 7
transport cost = 42982.6
total cost = 42989.6

cache size:
 [99999, 99999, 99999, 99999, 99999, 99999, 99999, 99999, 99999, 99999, 99999, 99999, 99999, 99999]
storage cost = 699.993
transport cost = 18829.8
total cost = 19529.8


alpha4Storage = 1 alpha4Transport = 0.8

cache size:
 [0, 0, 0, 0, 0, 0, 0, 0, 0, 0, 0, 0, 0, 0]
storage cost = 0
transport cost = 185125
total cost = 185125

cache size:
 [1000, 1000, 1000, 1000, 1000, 1000, 1000, 1000, 1000, 1000, 1000, 1000, 1000, 1000]
storage cost = 7
transport cost = 132793
total cost = 132800

cache size:
 [99999, 99999, 99999, 99999, 99999, 99999, 99999, 99999, 99999, 99999, 99999, 99999, 99999, 99999]
storage cost = 699.993
transport cost = 51703.7
total cost = 52403.7


alpha4Storage = 1.1 alpha4Transport = 0.4

cache size:
 [0, 0, 0, 0, 0, 0, 0, 0, 0, 0, 0, 0, 0, 0]
storage cost = 0
transport cost = 1721.05
total cost = 1721.05

cache size:
 [1000, 1000, 1000, 1000, 1000, 1000, 1000, 1000, 1000, 1000, 1000, 1000, 1000, 1000]
storage cost = 17.5832
transport cost = 1457.63
total cost = 1475.21

cache size:
 [4235, 4235, 4586, 4586, 4586, 4586, 4385, 4385, 4385, 4385, 4385, 4385, 4385, 4385]
storage cost = 90.1959
transport cost = 1324.81
total cost = 1415


alpha4Storage = 1.1 alpha4Transport = 0.5

cache size:
 [0, 0, 0, 0, 0, 0, 0, 0, 0, 0, 0, 0, 0, 0]
storage cost = 0
transport cost = 5542.56
total cost = 5542.56

cache size:
 [1000, 1000, 1000, 1000, 1000, 1000, 1000, 1000, 1000, 1000, 1000, 1000, 1000, 1000]
storage cost = 17.5832
transport cost = 4503.28
total cost = 4520.86

cache size:
 [15463, 15463, 18616, 18616, 18616, 18616, 18973, 18973, 18973, 18973, 18973, 18973, 18973, 18973]
storage cost = 432.228
transport cost = 3398.51
total cost = 3830.73


alpha4Storage = 1.1 alpha4Transport = 0.6

cache size:
 [0, 0, 0, 0, 0, 0, 0, 0, 0, 0, 0, 0, 0, 0]
storage cost = 0
transport cost = 17849.6
total cost = 17849.6

cache size:
 [1000, 1000, 1000, 1000, 1000, 1000, 1000, 1000, 1000, 1000, 1000, 1000, 1000, 1000]
storage cost = 17.5832
transport cost = 13912.7
total cost = 13930.3

cache size:
 [43804, 43804, 63994, 63994, 63994, 63994, 79144, 79144, 79144, 79144, 79144, 79144, 79144, 79144]
storage cost = 1879.03
transport cost = 7514.23
total cost = 9393.26


alpha4Storage = 1.1 alpha4Transport = 0.7

cache size:
 [0, 0, 0, 0, 0, 0, 0, 0, 0, 0, 0, 0, 0, 0]
storage cost = 0
transport cost = 57484
total cost = 57484

cache size:
 [1000, 1000, 1000, 1000, 1000, 1000, 1000, 1000, 1000, 1000, 1000, 1000, 1000, 1000]
storage cost = 17.5832
transport cost = 42982.6
total cost = 43000.1

cache size:
 [99999, 99999, 99999, 99999, 99999, 99999, 99999, 99999, 99999, 99999, 99999, 99999, 99999, 99999]
storage cost = 2786.72
transport cost = 18829.8
total cost = 21616.6


alpha4Storage = 1.1 alpha4Transport = 0.8

cache size:
 [0, 0, 0, 0, 0, 0, 0, 0, 0, 0, 0, 0, 0, 0]
storage cost = 0
transport cost = 185125
total cost = 185125

cache size:
 [1000, 1000, 1000, 1000, 1000, 1000, 1000, 1000, 1000, 1000, 1000, 1000, 1000, 1000]
storage cost = 17.5832
transport cost = 132793
total cost = 132810

cache size:
 [99999, 99999, 99999, 99999, 99999, 99999, 99999, 99999, 99999, 99999, 99999, 99999, 99999, 99999]
storage cost = 2786.72
transport cost = 51703.7
total cost = 54490.4


alpha4Storage = 1.2 alpha4Transport = 0.4

cache size:
 [0, 0, 0, 0, 0, 0, 0, 0, 0, 0, 0, 0, 0, 0]
storage cost = 0
transport cost = 1721.05
total cost = 1721.05

cache size:
 [1000, 1000, 1000, 1000, 1000, 1000, 1000, 1000, 1000, 1000, 1000, 1000, 1000, 1000]
storage cost = 44.167
transport cost = 1457.63
total cost = 1501.8

cache size:
 [1410, 1410, 1496, 1496, 1496, 1496, 1410, 1410, 1410, 1410, 1410, 1410, 1410, 1410]
storage cost = 68.1087
transport cost = 1427.97
total cost = 1496.07


alpha4Storage = 1.2 alpha4Transport = 0.5

cache size:
 [0, 0, 0, 0, 0, 0, 0, 0, 0, 0, 0, 0, 0, 0]
storage cost = 0
transport cost = 5542.56
total cost = 5542.56

cache size:
 [1000, 1000, 1000, 1000, 1000, 1000, 1000, 1000, 1000, 1000, 1000, 1000, 1000, 1000]
storage cost = 44.167
transport cost = 4503.28
total cost = 4547.45

cache size:
 [4881, 4881, 5408, 5408, 5408, 5408, 5199, 5199, 5199, 5199, 5199, 5199, 5199, 5199]
storage cost = 320.393
transport cost = 3933.33
total cost = 4253.72


alpha4Storage = 1.2 alpha4Transport = 0.6

cache size:
 [0, 0, 0, 0, 0, 0, 0, 0, 0, 0, 0, 0, 0, 0]
storage cost = 0
transport cost = 17849.6
total cost = 17849.6

cache size:
 [1000, 1000, 1000, 1000, 1000, 1000, 1000, 1000, 1000, 1000, 1000, 1000, 1000, 1000]
storage cost = 44.167
transport cost = 13912.7
total cost = 13956.8

cache size:
 [14637, 14637, 17761, 17761, 17761, 17761, 18150, 18150, 18150, 18150, 18150, 18150, 18150, 18150]
storage cost = 1374.35
transport cost = 10000
total cost = 11374.4


alpha4Storage = 1.2 alpha4Transport = 0.7

cache size:
 [0, 0, 0, 0, 0, 0, 0, 0, 0, 0, 0, 0, 0, 0]
storage cost = 0
transport cost = 57484
total cost = 57484

cache size:
 [1000, 1000, 1000, 1000, 1000, 1000, 1000, 1000, 1000, 1000, 1000, 1000, 1000, 1000]
storage cost = 44.167
transport cost = 42982.6
total cost = 43026.7

cache size:
 [36341, 36341, 51317, 51317, 51317, 51317, 60504, 60504, 60504, 60504, 60504, 60504, 60504, 60504]
storage cost = 5362.84
transport cost = 22541.3
total cost = 27904.1


alpha4Storage = 1.2 alpha4Transport = 0.8

cache size:
 [0, 0, 0, 0, 0, 0, 0, 0, 0, 0, 0, 0, 0, 0]
storage cost = 0
transport cost = 185125
total cost = 185125

cache size:
 [1000, 1000, 1000, 1000, 1000, 1000, 1000, 1000, 1000, 1000, 1000, 1000, 1000, 1000]
storage cost = 44.167
transport cost = 132793
total cost = 132837

cache size:
 [87849, 87849, 99999, 99999, 99999, 99999, 99999, 99999, 99999, 99999, 99999, 99999, 99999, 99999]
storage cost = 10865.9
transport cost = 51883.1
total cost = 62749.1


alpha4Storage = 1.3 alpha4Transport = 0.4

cache size:
 [0, 0, 0, 0, 0, 0, 0, 0, 0, 0, 0, 0, 0, 0]
storage cost = 0
transport cost = 1721.05
total cost = 1721.05

cache size:
 [1000, 1000, 1000, 1000, 1000, 1000, 1000, 1000, 1000, 1000, 1000, 1000, 1000, 1000]
storage cost = 110.943
transport cost = 1457.63
total cost = 1568.57

cache size:
 [584, 584, 597, 597, 597, 597, 558, 558, 558, 558, 558, 558, 558, 558]
storage cost = 53.7821
transport cost = 1499.86
total cost = 1553.64


alpha4Storage = 1.3 alpha4Transport = 0.5

cache size:
 [0, 0, 0, 0, 0, 0, 0, 0, 0, 0, 0, 0, 0, 0]
storage cost = 0
transport cost = 5542.56
total cost = 5542.56

cache size:
 [1000, 1000, 1000, 1000, 1000, 1000, 1000, 1000, 1000, 1000, 1000, 1000, 1000, 1000]
storage cost = 110.943
transport cost = 4503.28
total cost = 4614.22

cache size:
 [1861, 1861, 1960, 1960, 1960, 1960, 1861, 1861, 1861, 1861, 1861, 1861, 1861, 1861]
storage cost = 253.707
transport cost = 4298.58
total cost = 4552.29


alpha4Storage = 1.3 alpha4Transport = 0.6

cache size:
 [0, 0, 0, 0, 0, 0, 0, 0, 0, 0, 0, 0, 0, 0]
storage cost = 0
transport cost = 17849.6
total cost = 17849.6

cache size:
 [1000, 1000, 1000, 1000, 1000, 1000, 1000, 1000, 1000, 1000, 1000, 1000, 1000, 1000]
storage cost = 110.943
transport cost = 13912.7
total cost = 14023.6

cache size:
 [5328, 5328, 6003, 6003, 6003, 6003, 5774, 5774, 5774, 5774, 5774, 5774, 5774, 5774]
storage cost = 1084.67
transport cost = 11683.5
total cost = 12768.2


alpha4Storage = 1.3 alpha4Transport = 0.7

cache size:
 [0, 0, 0, 0, 0, 0, 0, 0, 0, 0, 0, 0, 0, 0]
storage cost = 0
transport cost = 57484
total cost = 57484

cache size:
 [1000, 1000, 1000, 1000, 1000, 1000, 1000, 1000, 1000, 1000, 1000, 1000, 1000, 1000]
storage cost = 110.943
transport cost = 42982.6
total cost = 43093.5

cache size:
 [13847, 13847, 16886, 16886, 16886, 16886, 17152, 17152, 17152, 17152, 17152, 17152, 17152, 17152]
storage cost = 4283.28
transport cost = 29542.2
total cost = 33825.5


alpha4Storage = 1.3 alpha4Transport = 0.8

cache size:
 [0, 0, 0, 0, 0, 0, 0, 0, 0, 0, 0, 0, 0, 0]
storage cost = 0
transport cost = 185125
total cost = 185125

cache size:
 [1000, 1000, 1000, 1000, 1000, 1000, 1000, 1000, 1000, 1000, 1000, 1000, 1000, 1000]
storage cost = 110.943
transport cost = 132793
total cost = 132904

cache size:
 [31034, 31034, 42835, 42835, 42835, 42835, 48839, 48839, 48839, 48839, 48839, 48839, 48839, 48839]
storage cost = 15511.5
transport cost = 67525.9
total cost = 83037.5


alpha4Storage = 1.4 alpha4Transport = 0.4

cache size:
 [0, 0, 0, 0, 0, 0, 0, 0, 0, 0, 0, 0, 0, 0]
storage cost = 0
transport cost = 1721.05
total cost = 1721.05

cache size:
 [1000, 1000, 1000, 1000, 1000, 1000, 1000, 1000, 1000, 1000, 1000, 1000, 1000, 1000]
storage cost = 278.675
transport cost = 1457.63
total cost = 1736.3

cache size:
 [271, 271, 271, 271, 271, 271, 267, 267, 267, 267, 267, 267, 267, 267]
storage cost = 44.2702
transport cost = 1552.29
total cost = 1596.56


alpha4Storage = 1.4 alpha4Transport = 0.5

cache size:
 [0, 0, 0, 0, 0, 0, 0, 0, 0, 0, 0, 0, 0, 0]
storage cost = 0
transport cost = 5542.56
total cost = 5542.56

cache size:
 [1000, 1000, 1000, 1000, 1000, 1000, 1000, 1000, 1000, 1000, 1000, 1000, 1000, 1000]
storage cost = 278.675
transport cost = 4503.28
total cost = 4781.95

cache size:
 [802, 802, 840, 840, 840, 840, 784, 784, 784, 784, 784, 784, 784, 784]
storage cost = 204.874
transport cost = 4568.9
total cost = 4773.77


alpha4Storage = 1.4 alpha4Transport = 0.6

cache size:
 [0, 0, 0, 0, 0, 0, 0, 0, 0, 0, 0, 0, 0, 0]
storage cost = 0
transport cost = 17849.6
total cost = 17849.6

cache size:
 [1000, 1000, 1000, 1000, 1000, 1000, 1000, 1000, 1000, 1000, 1000, 1000, 1000, 1000]
storage cost = 278.675
transport cost = 13912.7
total cost = 14191.3

cache size:
 [2217, 2217, 2401, 2401, 2401, 2401, 2247, 2247, 2247, 2247, 2247, 2247, 2247, 2247]
storage cost = 887.397
transport cost = 12919.3
total cost = 13806.7


alpha4Storage = 1.4 alpha4Transport = 0.7

cache size:
 [0, 0, 0, 0, 0, 0, 0, 0, 0, 0, 0, 0, 0, 0]
storage cost = 0
transport cost = 57484
total cost = 57484

cache size:
 [1000, 1000, 1000, 1000, 1000, 1000, 1000, 1000, 1000, 1000, 1000, 1000, 1000, 1000]
storage cost = 278.675
transport cost = 42982.6
total cost = 43261.2

cache size:
 [5629, 5629, 6422, 6422, 6422, 6422, 6148, 6148, 6148, 6148, 6148, 6148, 6148, 6148]
storage cost = 3547.55
transport cost = 34746.6
total cost = 38294.2


alpha4Storage = 1.4 alpha4Transport = 0.8

cache size:
 [0, 0, 0, 0, 0, 0, 0, 0, 0, 0, 0, 0, 0, 0]
storage cost = 0
transport cost = 185125
total cost = 185125

cache size:
 [1000, 1000, 1000, 1000, 1000, 1000, 1000, 1000, 1000, 1000, 1000, 1000, 1000, 1000]
storage cost = 278.675
transport cost = 132793
total cost = 133071

cache size:
 [13099, 13099, 16014, 16014, 16014, 16014, 16235, 16235, 16235, 16235, 16235, 16235, 16235, 16235]
storage cost = 13208.9
transport cost = 87510.2
total cost = 100719
